This file contains any messages produced by compilers while
running configure, to aid debugging if configure makes a mistake.

It was created by pboExtractor configure 0.1, which was
generated by GNU Autoconf 2.68.  Invocation command line was

  $ ./configure 

## --------- ##
## Platform. ##
## --------- ##

hostname = KlingITLenovo2
uname -m = i686
uname -r = 1.0.18(0.48/3/2)
uname -s = MINGW32_NT-6.2
uname -v = 2012-11-21 22:34

/usr/bin/uname -p = unknown
/bin/uname -X     = unknown

/bin/arch              = unknown
/usr/bin/arch -k       = unknown
/usr/convex/getsysinfo = unknown
/usr/bin/hostinfo      = unknown
/bin/machine           = unknown
/usr/bin/oslevel       = unknown
/bin/universe          = unknown

PATH: .
PATH: /usr/local/bin
PATH: /mingw/bin
PATH: /bin
PATH: /c/Python27/
PATH: /c/Python27/Scripts
PATH: /c/ProgramData/Oracle/Java/javapath
PATH: /c/Program Files (x86)/EasyPHP-DevServer-14.1VC11/binaries/php/php_runningversion
PATH: /c/Program Files (x86)/NVIDIA Corporation/PhysX/Common
PATH: /c/Program Files (x86)/Intel/iCLS Client/
PATH: /c/Program Files/Intel/iCLS Client/
PATH: /c/WINDOWS/system32
PATH: /c/WINDOWS
PATH: /c/WINDOWS/System32/Wbem
PATH: /c/WINDOWS/System32/WindowsPowerShell/v1.0/
PATH: /c/Program Files/Intel/Intel(R) Management Engine Components/DAL
PATH: /c/Program Files/Intel/Intel(R) Management Engine Components/IPT
PATH: /c/Program Files (x86)/Intel/Intel(R) Management Engine Components/DAL
PATH: /c/Program Files (x86)/Intel/Intel(R) Management Engine Components/IPT
PATH: /c/Program Files/Intel/WiFi/bin/
PATH: /c/Program Files/Common Files/Intel/WirelessCommon/
PATH: /c/Program Files/Condusiv Technologies/ExpressCache/
PATH: /c/Program Files (x86)/Common Files/lenovo/easyplussdk/bin
PATH: /c/ProgramData/Lenovo/ReadyApps
PATH: /c/Program Files (x86)/Git/cmd
PATH: /c/Program Files (x86)/GNU/GnuPG/pub
PATH: /c/Program Files/TortoiseSVN/bin
PATH: /c/Program Files (x86)/Windows Kits/8.1/Windows Performance Toolkit/
PATH: /c/Program Files (x86)/Microsoft SDKs/TypeScript/1.0/
PATH: /c/Program Files/nodejs/
PATH: /c/Program Files/TortoiseGit/bin
PATH: /c/Program Files (x86)/Skype/Phone/
PATH: /c/Program Files (x86)/MiKTeX 2.9/miktex/bin/
PATH: /c/Users/Michael/Desktop/Test/oracle64
PATH: /c/Users/Michael/AppData/Roaming/MiKTeX/2.9/miktex/bin/
PATH: /c/MinGW/bin


## ----------- ##
## Core tests. ##
## ----------- ##

configure:2093: checking for a BSD-compatible install
configure:2161: result: /bin/install -c
configure:2172: checking whether build environment is sane
configure:2222: result: yes
configure:2363: checking for a thread-safe mkdir -p
configure:2402: result: /bin/mkdir -p
configure:2415: checking for gawk
configure:2431: found /bin/gawk
configure:2442: result: gawk
configure:2453: checking whether make sets $(MAKE)
configure:2475: result: yes
configure:2605: checking for gcc
configure:2621: found /bin/gcc
configure:2632: result: gcc
configure:2861: checking for C compiler version
configure:2870: gcc --version >&5
gcc (GCC) 3.4.4 (msys special)
Copyright (C) 2004 Free Software Foundation, Inc.
This is free software; see the source for copying conditions.  There is NO
warranty; not even for MERCHANTABILITY or FITNESS FOR A PARTICULAR PURPOSE.

configure:2881: $? = 0
configure:2870: gcc -v >&5
Reading specs from /usr/lib/gcc/i686-pc-msys/3.4.4/specs
Configured with: /home/cstrauss/build/gcc3/gcc-3.4.4/configure --prefix=/usr --sysconfdir=/etc --localstatedir=/var --infodir=/share/info --mandir=/share/man --libexecdir=/lib --enable-languages=c,c++ --disable-nls --enable-threads=posix --enable-sjlj-exceptions --enable-hash-synchronization --enable-libstdcxx-debug --with-newlib
Thread model: posix
gcc version 3.4.4 (msys special)
configure:2881: $? = 0
configure:2870: gcc -V >&5
gcc: `-V' option must have argument
configure:2881: $? = 1
configure:2870: gcc -qversion >&5
gcc: unrecognized option `-qversion'
gcc: no input files
configure:2881: $? = 1
configure:2901: checking whether the C compiler works
configure:2923: gcc    conftest.c  >&5
configure:2927: $? = 0
configure:2975: result: yes
configure:2978: checking for C compiler default output file name
configure:2980: result: a.exe
configure:2986: checking for suffix of executables
configure:2993: gcc -o conftest.exe    conftest.c  >&5
configure:2997: $? = 0
configure:3019: result: .exe
configure:3041: checking whether we are cross compiling
configure:3049: gcc -o conftest.exe    conftest.c  >&5
configure:3053: $? = 0
configure:3060: ./conftest.exe
configure:3064: $? = 0
configure:3079: result: no
configure:3084: checking for suffix of object files
configure:3106: gcc -c   conftest.c >&5
configure:3110: $? = 0
configure:3131: result: o
configure:3135: checking whether we are using the GNU C compiler
configure:3154: gcc -c   conftest.c >&5
configure:3154: $? = 0
configure:3163: result: yes
configure:3172: checking whether gcc accepts -g
configure:3192: gcc -c -g  conftest.c >&5
configure:3192: $? = 0
configure:3233: result: yes
configure:3250: checking for gcc option to accept ISO C89
configure:3314: gcc  -c -g -O2  conftest.c >&5
configure:3314: $? = 0
configure:3327: result: none needed
configure:3358: checking for style of include used by make
configure:3386: result: GNU
configure:3411: checking dependency style of gcc
configure:3521: result: gcc3
configure:3546: checking how to run the C preprocessor
configure:3577: gcc -E  conftest.c
configure:3577: $? = 0
configure:3591: gcc -E  conftest.c
conftest.c:11:28: ac_nonexistent.h: No such file or directory
configure:3591: $? = 1
configure: failed program was:
| /* confdefs.h */
| #define PACKAGE_NAME "pboExtractor"
| #define PACKAGE_TARNAME "pboextractor"
| #define PACKAGE_VERSION "0.1"
| #define PACKAGE_STRING "pboExtractor 0.1"
| #define PACKAGE_BUGREPORT "michael.jo.kling@gmail.com"
| #define PACKAGE_URL ""
| #define PACKAGE "pboextractor"
| #define VERSION "0.1"
| /* end confdefs.h.  */
| #include <ac_nonexistent.h>
configure:3616: result: gcc -E
configure:3636: gcc -E  conftest.c
configure:3636: $? = 0
configure:3650: gcc -E  conftest.c
conftest.c:11:28: ac_nonexistent.h: No such file or directory
configure:3650: $? = 1
configure: failed program was:
| /* confdefs.h */
| #define PACKAGE_NAME "pboExtractor"
| #define PACKAGE_TARNAME "pboextractor"
| #define PACKAGE_VERSION "0.1"
| #define PACKAGE_STRING "pboExtractor 0.1"
| #define PACKAGE_BUGREPORT "michael.jo.kling@gmail.com"
| #define PACKAGE_URL ""
| #define PACKAGE "pboextractor"
| #define VERSION "0.1"
| /* end confdefs.h.  */
| #include <ac_nonexistent.h>
configure:3679: checking for grep that handles long lines and -e
configure:3737: result: /bin/grep
configure:3742: checking for egrep
configure:3804: result: /bin/grep -E
configure:3809: checking for ANSI C header files
configure:3829: gcc -c -g -O2  conftest.c >&5
configure:3829: $? = 0
configure:3902: gcc -o conftest.exe -g -O2   conftest.c  >&5
configure:3902: $? = 0
configure:3902: ./conftest.exe
configure:3902: $? = 0
configure:3913: result: yes
configure:3926: checking for sys/types.h
configure:3926: gcc -c -g -O2  conftest.c >&5
configure:3926: $? = 0
configure:3926: result: yes
configure:3926: checking for sys/stat.h
configure:3926: gcc -c -g -O2  conftest.c >&5
configure:3926: $? = 0
configure:3926: result: yes
configure:3926: checking for stdlib.h
configure:3926: gcc -c -g -O2  conftest.c >&5
configure:3926: $? = 0
configure:3926: result: yes
configure:3926: checking for string.h
configure:3926: gcc -c -g -O2  conftest.c >&5
configure:3926: $? = 0
configure:3926: result: yes
configure:3926: checking for memory.h
configure:3926: gcc -c -g -O2  conftest.c >&5
configure:3926: $? = 0
configure:3926: result: yes
configure:3926: checking for strings.h
configure:3926: gcc -c -g -O2  conftest.c >&5
configure:3926: $? = 0
configure:3926: result: yes
configure:3926: checking for inttypes.h
configure:3926: gcc -c -g -O2  conftest.c >&5
conftest.c:52:22: inttypes.h: No such file or directory
configure:3926: $? = 1
configure: failed program was:
| /* confdefs.h */
| #define PACKAGE_NAME "pboExtractor"
| #define PACKAGE_TARNAME "pboextractor"
| #define PACKAGE_VERSION "0.1"
| #define PACKAGE_STRING "pboExtractor 0.1"
| #define PACKAGE_BUGREPORT "michael.jo.kling@gmail.com"
| #define PACKAGE_URL ""
| #define PACKAGE "pboextractor"
| #define VERSION "0.1"
| #define STDC_HEADERS 1
| #define HAVE_SYS_TYPES_H 1
| #define HAVE_SYS_STAT_H 1
| #define HAVE_STDLIB_H 1
| #define HAVE_STRING_H 1
| #define HAVE_MEMORY_H 1
| #define HAVE_STRINGS_H 1
| /* end confdefs.h.  */
| #include <stdio.h>
| #ifdef HAVE_SYS_TYPES_H
| # include <sys/types.h>
| #endif
| #ifdef HAVE_SYS_STAT_H
| # include <sys/stat.h>
| #endif
| #ifdef STDC_HEADERS
| # include <stdlib.h>
| # include <stddef.h>
| #else
| # ifdef HAVE_STDLIB_H
| #  include <stdlib.h>
| # endif
| #endif
| #ifdef HAVE_STRING_H
| # if !defined STDC_HEADERS && defined HAVE_MEMORY_H
| #  include <memory.h>
| # endif
| # include <string.h>
| #endif
| #ifdef HAVE_STRINGS_H
| # include <strings.h>
| #endif
| #ifdef HAVE_INTTYPES_H
| # include <inttypes.h>
| #endif
| #ifdef HAVE_STDINT_H
| # include <stdint.h>
| #endif
| #ifdef HAVE_UNISTD_H
| # include <unistd.h>
| #endif
| 
| #include <inttypes.h>
configure:3926: result: no
configure:3926: checking for stdint.h
configure:3926: gcc -c -g -O2  conftest.c >&5
conftest.c:52:20: stdint.h: No such file or directory
configure:3926: $? = 1
configure: failed program was:
| /* confdefs.h */
| #define PACKAGE_NAME "pboExtractor"
| #define PACKAGE_TARNAME "pboextractor"
| #define PACKAGE_VERSION "0.1"
| #define PACKAGE_STRING "pboExtractor 0.1"
| #define PACKAGE_BUGREPORT "michael.jo.kling@gmail.com"
| #define PACKAGE_URL ""
| #define PACKAGE "pboextractor"
| #define VERSION "0.1"
| #define STDC_HEADERS 1
| #define HAVE_SYS_TYPES_H 1
| #define HAVE_SYS_STAT_H 1
| #define HAVE_STDLIB_H 1
| #define HAVE_STRING_H 1
| #define HAVE_MEMORY_H 1
| #define HAVE_STRINGS_H 1
| /* end confdefs.h.  */
| #include <stdio.h>
| #ifdef HAVE_SYS_TYPES_H
| # include <sys/types.h>
| #endif
| #ifdef HAVE_SYS_STAT_H
| # include <sys/stat.h>
| #endif
| #ifdef STDC_HEADERS
| # include <stdlib.h>
| # include <stddef.h>
| #else
| # ifdef HAVE_STDLIB_H
| #  include <stdlib.h>
| # endif
| #endif
| #ifdef HAVE_STRING_H
| # if !defined STDC_HEADERS && defined HAVE_MEMORY_H
| #  include <memory.h>
| # endif
| # include <string.h>
| #endif
| #ifdef HAVE_STRINGS_H
| # include <strings.h>
| #endif
| #ifdef HAVE_INTTYPES_H
| # include <inttypes.h>
| #endif
| #ifdef HAVE_STDINT_H
| # include <stdint.h>
| #endif
| #ifdef HAVE_UNISTD_H
| # include <unistd.h>
| #endif
| 
| #include <stdint.h>
configure:3926: result: no
configure:3926: checking for unistd.h
configure:3926: gcc -c -g -O2  conftest.c >&5
configure:3926: $? = 0
configure:3926: result: yes
configure:3941: checking for stdlib.h
configure:3941: result: yes
configure:3941: checking for string.h
configure:3941: result: yes
configure:3955: checking for error_at_line
configure:3971: gcc -o conftest.exe -g -O2   conftest.c  >&5
conftest.c:21:19: error.h: No such file or directory
configure:3971: $? = 1
configure: failed program was:
| /* confdefs.h */
| #define PACKAGE_NAME "pboExtractor"
| #define PACKAGE_TARNAME "pboextractor"
| #define PACKAGE_VERSION "0.1"
| #define PACKAGE_STRING "pboExtractor 0.1"
| #define PACKAGE_BUGREPORT "michael.jo.kling@gmail.com"
| #define PACKAGE_URL ""
| #define PACKAGE "pboextractor"
| #define VERSION "0.1"
| #define STDC_HEADERS 1
| #define HAVE_SYS_TYPES_H 1
| #define HAVE_SYS_STAT_H 1
| #define HAVE_STDLIB_H 1
| #define HAVE_STRING_H 1
| #define HAVE_MEMORY_H 1
| #define HAVE_STRINGS_H 1
| #define HAVE_UNISTD_H 1
| #define HAVE_STDLIB_H 1
| #define HAVE_STRING_H 1
| /* end confdefs.h.  */
| #include <error.h>
| int
| main ()
| {
| error_at_line (0, 0, "", 0, "an error occurred");
|   ;
|   return 0;
| }
configure:3979: result: no
configure:3992: checking for stdlib.h
configure:3992: result: yes
configure:4002: checking for GNU libc compatible malloc
configure:4026: gcc -o conftest.exe -g -O2   conftest.c  >&5
configure:4026: $? = 0
configure:4026: ./conftest.exe
configure:4026: $? = 0
configure:4036: result: yes
configure:4226: creating ./config.status

## ---------------------- ##
## Running config.status. ##
## ---------------------- ##

This file was extended by pboExtractor config.status 0.1, which was
generated by GNU Autoconf 2.68.  Invocation command line was

  CONFIG_FILES    = 
  CONFIG_HEADERS  = 
  CONFIG_LINKS    = 
  CONFIG_COMMANDS = 
  $ ./config.status 

on KlingITLenovo2

config.status:784: creating Makefile
config.status:956: executing depfiles commands

## ---------------- ##
## Cache variables. ##
## ---------------- ##

ac_cv_c_compiler_gnu=yes
ac_cv_env_CC_set=
ac_cv_env_CC_value=
ac_cv_env_CFLAGS_set=
ac_cv_env_CFLAGS_value=
ac_cv_env_CPPFLAGS_set=
ac_cv_env_CPPFLAGS_value=
ac_cv_env_CPP_set=
ac_cv_env_CPP_value=
ac_cv_env_LDFLAGS_set=
ac_cv_env_LDFLAGS_value=
ac_cv_env_LIBS_set=
ac_cv_env_LIBS_value=
ac_cv_env_build_alias_set=
ac_cv_env_build_alias_value=
ac_cv_env_host_alias_set=
ac_cv_env_host_alias_value=
ac_cv_env_target_alias_set=
ac_cv_env_target_alias_value=
ac_cv_exeext=.exe
ac_cv_func_malloc_0_nonnull=yes
ac_cv_header_inttypes_h=no
ac_cv_header_memory_h=yes
ac_cv_header_stdc=yes
ac_cv_header_stdint_h=no
ac_cv_header_stdlib_h=yes
ac_cv_header_string_h=yes
ac_cv_header_strings_h=yes
ac_cv_header_sys_stat_h=yes
ac_cv_header_sys_types_h=yes
ac_cv_header_unistd_h=yes
ac_cv_lib_error_at_line=no
ac_cv_objext=o
ac_cv_path_EGREP='/bin/grep -E'
ac_cv_path_GREP=/bin/grep
ac_cv_path_install='/bin/install -c'
ac_cv_path_mkdir=/bin/mkdir
ac_cv_prog_AWK=gawk
ac_cv_prog_CPP='gcc -E'
ac_cv_prog_ac_ct_CC=gcc
ac_cv_prog_cc_c89=
ac_cv_prog_cc_g=yes
ac_cv_prog_make_make_set=yes
am_cv_CC_dependencies_compiler_type=gcc3

## ----------------- ##
## Output variables. ##
## ----------------- ##

ACLOCAL='${SHELL} /c/Users/Michael/Desktop/test2/C-pboExtractor/missing --run aclocal-1.11'
AMDEPBACKSLASH='\'
AMDEP_FALSE='#'
AMDEP_TRUE=''
AMTAR='${SHELL} /c/Users/Michael/Desktop/test2/C-pboExtractor/missing --run tar'
AUTOCONF='${SHELL} /c/Users/Michael/Desktop/test2/C-pboExtractor/missing --run autoconf'
AUTOHEADER='${SHELL} /c/Users/Michael/Desktop/test2/C-pboExtractor/missing --run autoheader'
AUTOMAKE='${SHELL} /c/Users/Michael/Desktop/test2/C-pboExtractor/missing --run automake-1.11'
AWK='gawk'
CC='gcc'
CCDEPMODE='depmode=gcc3'
CFLAGS='-g -O2'
CPP='gcc -E'
CPPFLAGS=''
CYGPATH_W='echo'
DEFS='-DPACKAGE_NAME=\"pboExtractor\" -DPACKAGE_TARNAME=\"pboextractor\" -DPACKAGE_VERSION=\"0.1\" -DPACKAGE_STRING=\"pboExtractor\ 0.1\" -DPACKAGE_BUGREPORT=\"michael.jo.kling@gmail.com\" -DPACKAGE_URL=\"\" -DPACKAGE=\"pboextractor\" -DVERSION=\"0.1\" -DSTDC_HEADERS=1 -DHAVE_SYS_TYPES_H=1 -DHAVE_SYS_STAT_H=1 -DHAVE_STDLIB_H=1 -DHAVE_STRING_H=1 -DHAVE_MEMORY_H=1 -DHAVE_STRINGS_H=1 -DHAVE_UNISTD_H=1 -DHAVE_STDLIB_H=1 -DHAVE_STRING_H=1 -DHAVE_STDLIB_H=1 -DHAVE_MALLOC=1'
DEPDIR='.deps'
ECHO_C=''
ECHO_N='-n'
ECHO_T=''
EGREP='/bin/grep -E'
EXEEXT='.exe'
GREP='/bin/grep'
INSTALL_DATA='${INSTALL} -m 644'
INSTALL_PROGRAM='${INSTALL}'
INSTALL_SCRIPT='${INSTALL}'
INSTALL_STRIP_PROGRAM='$(install_sh) -c -s'
LDFLAGS=''
LIBOBJS=' ${LIBOBJDIR}error$U.o'
LIBS=''
LTLIBOBJS=' ${LIBOBJDIR}error$U.lo'
MAKEINFO='${SHELL} /c/Users/Michael/Desktop/test2/C-pboExtractor/missing --run makeinfo'
MKDIR_P='/bin/mkdir -p'
OBJEXT='o'
PACKAGE='pboextractor'
PACKAGE_BUGREPORT='michael.jo.kling@gmail.com'
PACKAGE_NAME='pboExtractor'
PACKAGE_STRING='pboExtractor 0.1'
PACKAGE_TARNAME='pboextractor'
PACKAGE_URL=''
PACKAGE_VERSION='0.1'
PATH_SEPARATOR=':'
SET_MAKE=''
SHELL='/bin/sh'
STRIP=''
VERSION='0.1'
ac_ct_CC='gcc'
am__EXEEXT_FALSE='#'
am__EXEEXT_TRUE=''
am__fastdepCC_FALSE='#'
am__fastdepCC_TRUE=''
am__include='include'
am__isrc=''
am__leading_dot='.'
am__quote=''
am__tar='${AMTAR} chof - "$$tardir"'
am__untar='${AMTAR} xf -'
bindir='${exec_prefix}/bin'
build_alias=''
datadir='${datarootdir}'
datarootdir='${prefix}/share'
docdir='${datarootdir}/doc/${PACKAGE_TARNAME}'
dvidir='${docdir}'
exec_prefix='${prefix}'
host_alias=''
htmldir='${docdir}'
includedir='${prefix}/include'
infodir='${datarootdir}/info'
install_sh='${SHELL} /c/Users/Michael/Desktop/test2/C-pboExtractor/install-sh'
libdir='${exec_prefix}/lib'
libexecdir='${exec_prefix}/libexec'
localedir='${datarootdir}/locale'
localstatedir='${prefix}/var'
mandir='${datarootdir}/man'
mkdir_p='/bin/mkdir -p'
oldincludedir='/usr/include'
pdfdir='${docdir}'
prefix='/usr/local'
program_transform_name='s,x,x,'
psdir='${docdir}'
sbindir='${exec_prefix}/sbin'
sharedstatedir='${prefix}/com'
sysconfdir='${prefix}/etc'
target_alias=''

## ----------- ##
## confdefs.h. ##
## ----------- ##

/* confdefs.h */
#define PACKAGE_NAME "pboExtractor"
#define PACKAGE_TARNAME "pboextractor"
#define PACKAGE_VERSION "0.1"
#define PACKAGE_STRING "pboExtractor 0.1"
#define PACKAGE_BUGREPORT "michael.jo.kling@gmail.com"
#define PACKAGE_URL ""
#define PACKAGE "pboextractor"
#define VERSION "0.1"
#define STDC_HEADERS 1
#define HAVE_SYS_TYPES_H 1
#define HAVE_SYS_STAT_H 1
#define HAVE_STDLIB_H 1
#define HAVE_STRING_H 1
#define HAVE_MEMORY_H 1
#define HAVE_STRINGS_H 1
#define HAVE_UNISTD_H 1
#define HAVE_STDLIB_H 1
#define HAVE_STRING_H 1
#define HAVE_STDLIB_H 1
#define HAVE_MALLOC 1

configure: exit 0
